<?xml version="1.0" encoding="UTF-8"?>
<!-- Generated by org.testng.reporters.JUnitXMLReporter -->
<testsuite ignored="0" hostname="LP1-AP-51961818" failures="0" tests="3" name="HomePageTest" time="8.138" errors="0" timestamp="2024-07-25T11:50:54 IST">
  <testcase classname="com.CRM.TestCases.HomePageTestCase" name="verifyUrl" time="0.013"/>
  <testcase classname="com.CRM.TestCases.HomePageTestCase" name="verifyTitle" time="0.01"/>
  <testcase classname="com.CRM.TestCases.HomePageTestCase" name="verifySignInLink" time="1.18"/>
</testsuite> <!-- HomePageTest -->
