<?xml version="1.0" encoding="UTF-8"?>
<!-- Generated by org.testng.reporters.JUnitXMLReporter -->
<testsuite ignored="0" hostname="LP1-AP-51961818" failures="0" tests="4" name="My test" time="15.542" errors="0" timestamp="2024-06-21T19:27:20 IST">
  <testcase classname="com.Assignments.AmazonTestNGAssignment" name="sell" time="1.622"/>
  <testcase classname="com.Assignments.AmazonTestNGAssignment" name="bestSellers" time="1.146"/>
  <testcase classname="com.Assignments.AmazonTestNGAssignment" name="mobiles" time="1.608"/>
  <testcase classname="com.Assignments.AmazonTestNGAssignment" name="electronics" time="2.911"/>
</testsuite> <!-- My test -->
