<?xml version="1.0" encoding="UTF-8"?>
<testng-results ignored="0" total="4" passed="4" failed="0" skipped="0">
  <reporter-output>
  </reporter-output>
  <suite started-at="2024-07-25T11:50:46 IST" name="Suite" finished-at="2024-07-25T11:50:58 IST" duration-ms="12305">
    <groups>
    </groups>
    <test started-at="2024-07-25T11:50:46 IST" name="HomePageTest" finished-at="2024-07-25T11:50:54 IST" duration-ms="8138">
      <class name="com.CRM.TestCases.HomePageTestCase">
        <test-method is-config="true" signature="setUp()[pri:0, instance:com.CRM.TestCases.HomePageTestCase@66f57048]" started-at="2024-07-25T11:50:46 IST" name="setUp" finished-at="2024-07-25T11:50:53 IST" duration-ms="6910" status="PASS">
          <reporter-output>
          </reporter-output>
        </test-method> <!-- setUp -->
        <test-method signature="verifyUrl()[pri:1, instance:com.CRM.TestCases.HomePageTestCase@66f57048]" started-at="2024-07-25T11:50:53 IST" name="verifyUrl" finished-at="2024-07-25T11:50:53 IST" duration-ms="13" status="PASS">
          <reporter-output>
          </reporter-output>
        </test-method> <!-- verifyUrl -->
        <test-method signature="verifyTitle()[pri:2, instance:com.CRM.TestCases.HomePageTestCase@66f57048]" started-at="2024-07-25T11:50:53 IST" name="verifyTitle" finished-at="2024-07-25T11:50:53 IST" duration-ms="10" status="PASS">
          <reporter-output>
          </reporter-output>
        </test-method> <!-- verifyTitle -->
        <test-method signature="verifySignInLink()[pri:3, instance:com.CRM.TestCases.HomePageTestCase@66f57048]" started-at="2024-07-25T11:50:53 IST" name="verifySignInLink" finished-at="2024-07-25T11:50:54 IST" duration-ms="1180" status="PASS">
          <reporter-output>
          </reporter-output>
        </test-method> <!-- verifySignInLink -->
      </class> <!-- com.CRM.TestCases.HomePageTestCase -->
    </test> <!-- HomePageTest -->
    <test started-at="2024-07-25T11:50:54 IST" name="LoginPageTest" finished-at="2024-07-25T11:50:58 IST" duration-ms="4126">
      <class name="com.CRM.TestCases.LoginPageTestCase">
        <test-method is-config="true" signature="setUp()[pri:0, instance:com.CRM.TestCases.LoginPageTestCase@4686afc2]" started-at="2024-07-25T11:50:54 IST" name="setUp" finished-at="2024-07-25T11:50:57 IST" duration-ms="2414" status="PASS">
          <reporter-output>
          </reporter-output>
        </test-method> <!-- setUp -->
        <test-method is-config="true" signature="PageSetUp()[pri:0, instance:com.CRM.TestCases.LoginPageTestCase@4686afc2]" started-at="2024-07-25T11:50:57 IST" name="PageSetUp" finished-at="2024-07-25T11:50:58 IST" duration-ms="973" status="PASS">
          <reporter-output>
          </reporter-output>
        </test-method> <!-- PageSetUp -->
        <test-method signature="verifyLogin()[pri:0, instance:com.CRM.TestCases.LoginPageTestCase@4686afc2]" started-at="2024-07-25T11:50:58 IST" name="verifyLogin" finished-at="2024-07-25T11:50:58 IST" duration-ms="737" status="PASS">
          <reporter-output>
          </reporter-output>
        </test-method> <!-- verifyLogin -->
      </class> <!-- com.CRM.TestCases.LoginPageTestCase -->
    </test> <!-- LoginPageTest -->
  </suite> <!-- Suite -->
</testng-results>
