<?xml version="1.0" encoding="UTF-8"?>
<testng-results ignored="0" total="4" passed="4" failed="0" skipped="0">
  <reporter-output>
  </reporter-output>
  <suite started-at="2024-07-24T19:49:47 IST" name="Suite" finished-at="2024-07-24T19:50:00 IST" duration-ms="13505">
    <groups>
    </groups>
    <test started-at="2024-07-24T19:49:47 IST" name="HomePageTest" finished-at="2024-07-24T19:49:52 IST" duration-ms="5692">
      <class name="com.CRM.TestCases.HomePageTestCase">
        <test-method is-config="true" signature="setUp()[pri:0, instance:com.CRM.TestCases.HomePageTestCase@661972b0]" started-at="2024-07-24T19:49:47 IST" name="setUp" finished-at="2024-07-24T19:49:52 IST" duration-ms="5281" status="PASS">
          <reporter-output>
          </reporter-output>
        </test-method> <!-- setUp -->
        <test-method signature="verifyUrl()[pri:1, instance:com.CRM.TestCases.HomePageTestCase@661972b0]" started-at="2024-07-24T19:49:52 IST" name="verifyUrl" finished-at="2024-07-24T19:49:52 IST" duration-ms="12" status="PASS">
          <reporter-output>
          </reporter-output>
        </test-method> <!-- verifyUrl -->
        <test-method signature="verifyTitle()[pri:2, instance:com.CRM.TestCases.HomePageTestCase@661972b0]" started-at="2024-07-24T19:49:52 IST" name="verifyTitle" finished-at="2024-07-24T19:49:52 IST" duration-ms="7" status="PASS">
          <reporter-output>
          </reporter-output>
        </test-method> <!-- verifyTitle -->
        <test-method signature="verifySignInLink()[pri:3, instance:com.CRM.TestCases.HomePageTestCase@661972b0]" started-at="2024-07-24T19:49:52 IST" name="verifySignInLink" finished-at="2024-07-24T19:49:52 IST" duration-ms="363" status="PASS">
          <reporter-output>
          </reporter-output>
        </test-method> <!-- verifySignInLink -->
      </class> <!-- com.CRM.TestCases.HomePageTestCase -->
    </test> <!-- HomePageTest -->
    <test started-at="2024-07-24T19:49:52 IST" name="LoginPageTest" finished-at="2024-07-24T19:50:00 IST" duration-ms="7790">
      <class name="com.CRM.TestCases.LoginPageTestCase">
        <test-method is-config="true" signature="setUp()[pri:0, instance:com.CRM.TestCases.LoginPageTestCase@2b662a77]" started-at="2024-07-24T19:49:52 IST" name="setUp" finished-at="2024-07-24T19:49:59 IST" duration-ms="6732" status="PASS">
          <reporter-output>
          </reporter-output>
        </test-method> <!-- setUp -->
        <test-method is-config="true" signature="PageSetUp()[pri:0, instance:com.CRM.TestCases.LoginPageTestCase@2b662a77]" started-at="2024-07-24T19:49:59 IST" name="PageSetUp" finished-at="2024-07-24T19:49:59 IST" duration-ms="387" status="PASS">
          <reporter-output>
          </reporter-output>
        </test-method> <!-- PageSetUp -->
        <test-method signature="verifyLogin()[pri:0, instance:com.CRM.TestCases.LoginPageTestCase@2b662a77]" started-at="2024-07-24T19:49:59 IST" name="verifyLogin" finished-at="2024-07-24T19:50:00 IST" duration-ms="669" status="PASS">
          <reporter-output>
          </reporter-output>
        </test-method> <!-- verifyLogin -->
      </class> <!-- com.CRM.TestCases.LoginPageTestCase -->
    </test> <!-- LoginPageTest -->
  </suite> <!-- Suite -->
</testng-results>
