<?xml version="1.0" encoding="UTF-8"?>
<!-- Generated by org.testng.reporters.JUnitXMLReporter -->
<testsuite ignored="2" hostname="LP1-AP-51961818" failures="0" tests="1" name="Default test" time="4.172" errors="0" timestamp="2024-07-13T18:36:55 IST">
  <testcase classname="com.CRM.TestCases.HomePageTestCase" name="verifyTitle" time="0.013"/>
  <testcase classname="com.CRM.TestCases.HomePageTestCase" name="verifySignInLink" time="0.0">
    <ignored/>
  </testcase> <!-- verifySignInLink -->
  <testcase classname="com.CRM.TestCases.HomePageTestCase" name="verifyUrl" time="0.0">
    <ignored/>
  </testcase> <!-- verifyUrl -->
</testsuite> <!-- Default test -->
