<?xml version="1.0" encoding="UTF-8"?>
<!-- Generated by org.testng.reporters.JUnitXMLReporter -->
<testsuite ignored="0" hostname="LP1-AP-51961818" failures="0" tests="3" name="HomePageTest" time="5.692" errors="0" timestamp="2024-07-24T19:49:52 IST">
  <testcase classname="com.CRM.TestCases.HomePageTestCase" name="verifyUrl" time="0.012"/>
  <testcase classname="com.CRM.TestCases.HomePageTestCase" name="verifyTitle" time="0.007"/>
  <testcase classname="com.CRM.TestCases.HomePageTestCase" name="verifySignInLink" time="0.363"/>
</testsuite> <!-- HomePageTest -->
