<?xml version="1.0" encoding="UTF-8"?>
<!-- Generated by org.testng.reporters.JUnitXMLReporter -->
<testsuite ignored="2" hostname="LP1-AP-51961818" failures="0" tests="2" name="My test" time="8.444" errors="0" timestamp="2024-06-21T19:16:48 IST">
  <testcase classname="com.Assignments.AmazonTestNGAssignment" name="sell" time="1.585"/>
  <testcase classname="com.Assignments.AmazonTestNGAssignment" name="bestSellers" time="1.099"/>
  <testcase classname="com.Assignments.AmazonTestNGAssignment" name="electronics" time="0.0">
    <ignored/>
  </testcase> <!-- electronics -->
  <testcase classname="com.Assignments.AmazonTestNGAssignment" name="mobiles" time="0.0">
    <ignored/>
  </testcase> <!-- mobiles -->
</testsuite> <!-- My test -->
